<?xml version="1.0" encoding="UTF-8"?>
<testsuite xmlns:xsi="http://www.w3.org/2001/XMLSchema-instance" xsi:noNamespaceSchemaLocation="https://maven.apache.org/surefire/maven-surefire-plugin/xsd/surefire-test-report-3.0.xsd" version="3.0" name="runner.TestRunner" time="126.952" tests="7" errors="0" skipped="0" failures="0">
  <properties>
[...]
</properties>
  <testcase name="Navigate to Mobile Covers page" classname="CaseKaro E-Commerce Product and Cart Validation" time="18.457">
    <system-out><![CDATA[
@CaseKaro @SmokeTest
Scenario: Navigate to Mobile Covers page                     # src/test/resources/features/CaseKaro.feature:8
Home page opened: Phone Back Cover: Glass & Hard Case Rs.69 – Casekaro
  Given the user has opened the CaseKaro website             # stepdefinitions.CaseKaroSteps.theUserHasOpenedTheCaseKaroWebsite()
Mobile Covers page opened: Phone Cases by Model – Casekaro
  When the user navigates to the Mobile Covers by Model page # stepdefinitions.CaseKaroSteps.theUserNavigatesToMobileCoversPage()
✓ Page title assertion passed: Phone Cases by Model – Casekaro
  Then the page title should contain "Phone Cases"           # stepdefinitions.CaseKaroSteps.thePageTitleShouldContain(java.lang.String)
]]></system-out>
  </testcase>
  <testcase name="Search for Apple brand products" classname="CaseKaro E-Commerce Product and Cart Validation" time="7.273">
    <system-out><![CDATA[
@CaseKaro @SearchTest
Scenario: Search for Apple brand products                   # src/test/resources/features/CaseKaro.feature:13
Home page opened: Phone Back Cover: Glass & Hard Case Rs.69 – Casekaro
  Given the user has opened the CaseKaro website            # stepdefinitions.CaseKaroSteps.theUserHasOpenedTheCaseKaroWebsite()
Search completed for: Apple
  When the user searches for "Apple"                        # stepdefinitions.CaseKaroSteps.theUserSearchesFor(java.lang.String)
✓ Apple search results count: 51
  Then the search results should display Apple products     # stepdefinitions.CaseKaroSteps.theSearchResultsShouldDisplayAppleProducts()
Shopify API brand check — 'Samsung' in product titles for query 'Apple': false
✓ Negative validation passed: 'Samsung' not found in product titles
  And the search results should not display "Samsung" brand # stepdefinitions.CaseKaroSteps.theSearchResultsShouldNotDisplayBrand(java.lang.String)
]]></system-out>
  </testcase>
  <testcase name="Open iPhone 16 Pro product page" classname="CaseKaro E-Commerce Product and Cart Validation" time="9.675">
    <system-out><![CDATA[
@CaseKaro @ProductTest
Scenario: Open iPhone 16 Pro product page                          # src/test/resources/features/CaseKaro.feature:19
Home page opened: Phone Back Cover: Glass & Hard Case Rs.69 – Casekaro
  Given the user has opened the CaseKaro website                   # stepdefinitions.CaseKaroSteps.theUserHasOpenedTheCaseKaroWebsite()
Search completed for: iPhone 16 Pro
  When the user searches for "iPhone 16 Pro"                       # stepdefinitions.CaseKaroSteps.theUserSearchesFor(java.lang.String)
Product page opened: Save Big: Get the Shield iPhone 16 Pro Back Cover - Shop Now – Casekaro
  And the user opens the product "shield-iphone-16-pro-back-cover" # stepdefinitions.CaseKaroSteps.theUserOpensTheProduct(java.lang.String)
✓ Product title assertion passed: Save Big: Get the Shield iPhone 16 Pro Back Cover - Shop Now – Casekaro
  Then the product page title should contain "iPhone 16 Pro"       # stepdefinitions.CaseKaroSteps.theProductPageTitleShouldContain(java.lang.String)
✓ Material options are available on the product page
  And the product should have material options available           # stepdefinitions.CaseKaroSteps.theProductShouldHaveMaterialOptions()
]]></system-out>
  </testcase>
  <testcase name="Add product with different materials to cart #1" classname="CaseKaro E-Commerce Product and Cart Validation" time="17.202">
    <system-out><![CDATA[
@CaseKaro @CartTest
Scenario Outline: Add product with different materials to cart         # src/test/resources/features/CaseKaro.feature:34
Home page opened: Phone Back Cover: Glass & Hard Case Rs.69 – Casekaro
  Given the user has opened the CaseKaro website                       # stepdefinitions.CaseKaroSteps.theUserHasOpenedTheCaseKaroWebsite()
Navigated to product: shield-iphone-16-pro-back-cover
  When the user navigates to product "shield-iphone-16-pro-back-cover" # stepdefinitions.CaseKaroSteps.theUserNavigatesToProduct(java.lang.String)
Selected material: Soft
  And the user selects material "Soft"                                 # stepdefinitions.CaseKaroSteps.theUserSelectsMaterial(java.lang.String)
Add to Cart clicked
  And the user clicks Add to Cart                                      # stepdefinitions.CaseKaroSteps.theUserClicksAddToCart()
✓ Cart notification appeared and dismissed
  Then the cart notification should appear                             # stepdefinitions.CaseKaroSteps.theCartNotificationShouldAppear()
]]></system-out>
  </testcase>
  <testcase name="Add product with different materials to cart #2" classname="CaseKaro E-Commerce Product and Cart Validation" time="14.691">
    <system-out><![CDATA[
@CaseKaro @CartTest
Scenario Outline: Add product with different materials to cart         # src/test/resources/features/CaseKaro.feature:35
Home page opened: Phone Back Cover: Glass & Hard Case Rs.69 – Casekaro
  Given the user has opened the CaseKaro website                       # stepdefinitions.CaseKaroSteps.theUserHasOpenedTheCaseKaroWebsite()
Navigated to product: shield-iphone-16-pro-back-cover
  When the user navigates to product "shield-iphone-16-pro-back-cover" # stepdefinitions.CaseKaroSteps.theUserNavigatesToProduct(java.lang.String)
Selected material: Glass
  And the user selects material "Glass"                                # stepdefinitions.CaseKaroSteps.theUserSelectsMaterial(java.lang.String)
Add to Cart clicked
  And the user clicks Add to Cart                                      # stepdefinitions.CaseKaroSteps.theUserClicksAddToCart()
✓ Cart notification appeared and dismissed
  Then the cart notification should appear                             # stepdefinitions.CaseKaroSteps.theCartNotificationShouldAppear()
]]></system-out>
  </testcase>
  <testcase name="Add product with different materials to cart #3" classname="CaseKaro E-Commerce Product and Cart Validation" time="15.636">
    <system-out><![CDATA[
@CaseKaro @CartTest
Scenario Outline: Add product with different materials to cart         # src/test/resources/features/CaseKaro.feature:36
Home page opened: Phone Back Cover: Glass & Hard Case Rs.69 – Casekaro
  Given the user has opened the CaseKaro website                       # stepdefinitions.CaseKaroSteps.theUserHasOpenedTheCaseKaroWebsite()
Navigated to product: shield-iphone-16-pro-back-cover
  When the user navigates to product "shield-iphone-16-pro-back-cover" # stepdefinitions.CaseKaroSteps.theUserNavigatesToProduct(java.lang.String)
Selected material: Hard
  And the user selects material "Hard"                                 # stepdefinitions.CaseKaroSteps.theUserSelectsMaterial(java.lang.String)
Add to Cart clicked
  And the user clicks Add to Cart                                      # stepdefinitions.CaseKaroSteps.theUserClicksAddToCart()
✓ Cart notification appeared and dismissed
  Then the cart notification should appear                             # stepdefinitions.CaseKaroSteps.theCartNotificationShouldAppear()
]]></system-out>
  </testcase>
  <testcase name="Validate cart contains all 3 material variants" classname="CaseKaro E-Commerce Product and Cart Validation" time="42.78">
    <system-out><![CDATA[
@CaseKaro @CartValidationTest
Scenario: Validate cart contains all 3 material variants       # src/test/resources/features/CaseKaro.feature:39
Home page opened: Phone Back Cover: Glass & Hard Case Rs.69 – Casekaro
  Given the user has opened the CaseKaro website               # stepdefinitions.CaseKaroSteps.theUserHasOpenedTheCaseKaroWebsite()
Cart cleared via Shopify API
Added to cart: Soft
Added to cart: Glass
Added to cart: Hard
All 3 material variants added to cart
  Given the user has added all 3 material variants to the cart # stepdefinitions.CaseKaroSteps.theUserHasAddedAll3MaterialVariants()
Cart page opened: Your Shopping Cart – Casekaro
  When the user opens the cart page                            # stepdefinitions.CaseKaroSteps.theUserOpensTheCartPage()
Cart item count from Shopify API: 3
✓ Cart item count assertion passed: 3 items
  Then the cart should contain exactly 3 items                 # stepdefinitions.CaseKaroSteps.theCartShouldContainExactlyItems(int)
✓ All cart items have product/material names
  And each cart item should display a product name             # stepdefinitions.CaseKaroSteps.eachCartItemShouldDisplayProductName()

--- Cart Details ---
Item 1
  Shield iPhone 16 Pro Back Cover | Hard
  Price: ₹99.00
  Link : https://casekaro.com/products/shield-iphone-16-pro-back-cover?variant=41700462264438
Item 2
  Shield iPhone 16 Pro Back Cover | Glass
  Price: ₹249.00
  Link : https://casekaro.com/products/shield-iphone-16-pro-back-cover?variant=41757809213558
Item 3
  Shield iPhone 16 Pro Back Cover | Soft
  Price: ₹149.00
  Link : https://casekaro.com/products/shield-iphone-16-pro-back-cover?variant=41700462297206
--------------------

✓ All cart items have prices
  And each cart item should display a price                    # stepdefinitions.CaseKaroSteps.eachCartItemShouldDisplayPrice()
✓ All cart items have valid product links
  And each cart item should have a product link                # stepdefinitions.CaseKaroSteps.eachCartItemShouldHaveProductLink()
]]></system-out>
  </testcase>
</testsuite>